<?xml version="1.0" encoding="UTF-8"?>
<!-- Generated by org.testng.reporters.JUnitXMLReporter -->
<testsuite ignored="0" hostname="AnkurPandey" failures="0" tests="4" name="Command line test" time="24.913" errors="0" timestamp="2023-06-13T14:22:00 IST">
  <testcase classname="org.example.seleniumproject" name="inputElementTest" time="3.022"/>
  <testcase classname="org.example.seleniumproject" name="radioComponentTest" time="5.525"/>
  <testcase classname="org.example.seleniumproject" name="selectElementTest" time="0.223"/>
  <testcase classname="org.example.seleniumproject" name="submitButton" time="0.087"/>
</testsuite> <!-- Command line test -->
